<?xml version="1.0" encoding="UTF-8"?>
<!-- Generated by org.testng.reporters.JUnitReportReporter -->
<testsuite skipped="0" hostname="User-PC" name="jbk.InsideCase" tests="18" failures="0" timestamp="2021-11-21T19:22:43 IST" time="0.611" errors="0">
  <testcase name="javacourse" time="0.032" classname="jbk.InsideCase"/>
  <system-out/>
  <testcase name="desingline" time="0.035" classname="jbk.InsideCase"/>
  <system-out/>
  <testcase name="automationcourse" time="0.032" classname="jbk.InsideCase"/>
  <system-out/>
  <testcase name="maincourse" time="0.032" classname="jbk.InsideCase"/>
  <system-out/>
  <testcase name="webcourse" time="0.033" classname="jbk.InsideCase"/>
  <system-out/>
  <testcase name="downloadoption" time="0.034" classname="jbk.InsideCase"/>
  <system-out/>
  <testcase name="phpcheck" time="0.031" classname="jbk.InsideCase"/>
  <system-out/>
  <testcase name="Jlogo" time="0.055" classname="jbk.InsideCase"/>
  <system-out/>
  <testcase name="coursepython" time="0.033" classname="jbk.InsideCase"/>
  <system-out/>
  <testcase name="logout" time="0.032" classname="jbk.InsideCase"/>
  <system-out/>
  <testcase name="logo" time="0.033" classname="jbk.InsideCase"/>
  <system-out/>
  <testcase name="softwarecourse" time="0.032" classname="jbk.InsideCase"/>
  <system-out/>
  <testcase name="Operator" time="0.030" classname="jbk.InsideCase"/>
  <system-out/>
  <testcase name="ondashboard" time="0.029" classname="jbk.InsideCase"/>
  <system-out/>
  <testcase name="Logout" time="0.037" classname="jbk.InsideCase"/>
  <system-out/>
  <testcase name="datacourse" time="0.035" classname="jbk.InsideCase"/>
  <system-out/>
  <testcase name="Useful" time="0.034" classname="jbk.InsideCase"/>
  <system-out/>
  <testcase name="Users" time="0.032" classname="jbk.InsideCase"/>
  <system-out/>
</testsuite> <!-- jbk.InsideCase -->
