<?xml version="1.0" encoding="UTF-8"?>
<!-- Generated by org.testng.reporters.JUnitReportReporter -->
<testsuite hostname="User-PC" failures="0" tests="18" name="test2.InsideCase" time="0.762" errors="0" timestamp="2021-08-22T15:12:55 IST" skipped="0">
  <testcase classname="test2.InsideCase" name="Jlogo" time="0.119"/>
  <system-out/>
  <testcase classname="test2.InsideCase" name="datacourse" time="0.038"/>
  <system-out/>
  <testcase classname="test2.InsideCase" name="Logout" time="0.040"/>
  <system-out/>
  <testcase classname="test2.InsideCase" name="Useful" time="0.041"/>
  <system-out/>
  <testcase classname="test2.InsideCase" name="downloadoption" time="0.034"/>
  <system-out/>
  <testcase classname="test2.InsideCase" name="coursepython" time="0.033"/>
  <system-out/>
  <testcase classname="test2.InsideCase" name="automationcourse" time="0.040"/>
  <system-out/>
  <testcase classname="test2.InsideCase" name="ondashboard" time="0.031"/>
  <system-out/>
  <testcase classname="test2.InsideCase" name="softwarecourse" time="0.031"/>
  <system-out/>
  <testcase classname="test2.InsideCase" name="desingline" time="0.036"/>
  <system-out/>
  <testcase classname="test2.InsideCase" name="webcourse" time="0.033"/>
  <system-out/>
  <testcase classname="test2.InsideCase" name="javacourse" time="0.036"/>
  <system-out/>
  <testcase classname="test2.InsideCase" name="maincourse" time="0.040"/>
  <system-out/>
  <testcase classname="test2.InsideCase" name="logout" time="0.060"/>
  <system-out/>
  <testcase classname="test2.InsideCase" name="Users" time="0.034"/>
  <system-out/>
  <testcase classname="test2.InsideCase" name="Operator" time="0.035"/>
  <system-out/>
  <testcase classname="test2.InsideCase" name="phpcheck" time="0.033"/>
  <system-out/>
  <testcase classname="test2.InsideCase" name="logo" time="0.048"/>
  <system-out/>
</testsuite> <!-- test2.InsideCase -->
