<?xml version="1.0" encoding="UTF-8"?>
<!-- Generated by org.testng.reporters.JUnitReportReporter -->
<testsuite hostname="User-PC" failures="0" tests="18" name="com.jbk.InsideCase" time="0.878" errors="0" timestamp="2021-08-22T17:00:14 IST" skipped="0">
  <testcase classname="com.jbk.InsideCase" name="desingline" time="0.048"/>
  <system-out/>
  <testcase classname="com.jbk.InsideCase" name="Jlogo" time="0.132"/>
  <system-out/>
  <testcase classname="com.jbk.InsideCase" name="Users" time="0.053"/>
  <system-out/>
  <testcase classname="com.jbk.InsideCase" name="logo" time="0.047"/>
  <system-out/>
  <testcase classname="com.jbk.InsideCase" name="Logout" time="0.039"/>
  <system-out/>
  <testcase classname="com.jbk.InsideCase" name="logout" time="0.044"/>
  <system-out/>
  <testcase classname="com.jbk.InsideCase" name="maincourse" time="0.039"/>
  <system-out/>
  <testcase classname="com.jbk.InsideCase" name="automationcourse" time="0.051"/>
  <system-out/>
  <testcase classname="com.jbk.InsideCase" name="softwarecourse" time="0.042"/>
  <system-out/>
  <testcase classname="com.jbk.InsideCase" name="phpcheck" time="0.039"/>
  <system-out/>
  <testcase classname="com.jbk.InsideCase" name="downloadoption" time="0.046"/>
  <system-out/>
  <testcase classname="com.jbk.InsideCase" name="javacourse" time="0.049"/>
  <system-out/>
  <testcase classname="com.jbk.InsideCase" name="ondashboard" time="0.039"/>
  <system-out/>
  <testcase classname="com.jbk.InsideCase" name="datacourse" time="0.048"/>
  <system-out/>
  <testcase classname="com.jbk.InsideCase" name="Useful" time="0.042"/>
  <system-out/>
  <testcase classname="com.jbk.InsideCase" name="webcourse" time="0.038"/>
  <system-out/>
  <testcase classname="com.jbk.InsideCase" name="coursepython" time="0.045"/>
  <system-out/>
  <testcase classname="com.jbk.InsideCase" name="Operator" time="0.037"/>
  <system-out/>
</testsuite> <!-- com.jbk.InsideCase -->
