<?xml version="1.0" encoding="UTF-8"?>
<!-- Generated by org.testng.reporters.JUnitReportReporter -->
<testsuite skipped="0" hostname="User-PC" name="jbk.Homework2" tests="7" failures="0" timestamp="2021-11-17T18:53:38 IST" time="3.963" errors="0">
  <testcase name="checktext" time="0.080" classname="jbk.Homework2"/>
  <system-out/>
  <testcase name="verifywrongpassword" time="0.029" classname="jbk.Homework2"/>
  <system-out/>
  <testcase name="checkemailname" time="0.442" classname="jbk.Homework2"/>
  <system-out/>
  <testcase name="registerdata" time="0.824" classname="jbk.Homework2"/>
  <system-out/>
  <testcase name="login" time="2.518" classname="jbk.Homework2"/>
  <system-out/>
  <testcase name="singtext" time="0.036" classname="jbk.Homework2"/>
  <system-out/>
  <testcase name="imagecheck" time="0.034" classname="jbk.Homework2"/>
  <system-out/>
</testsuite> <!-- jbk.Homework2 -->
