<?xml version="1.0" encoding="UTF-8"?>
<!-- Generated by org.testng.reporters.JUnitReportReporter -->
<testsuite skipped="0" hostname="User-PC" name="jbk.OjtSelenium" tests="4" failures="0" timestamp="2021-10-30T08:21:36 IST" time="10.530" errors="0">
  <testcase name="Logindata" time="0.951" classname="jbk.OjtSelenium"/>
  <system-out/>
  <testcase name="Dashboard" time="0.001" classname="jbk.OjtSelenium"/>
  <system-out/>
  <testcase name="Users" time="0.002" classname="jbk.OjtSelenium"/>
  <system-out/>
  <testcase name="Login" time="9.576" classname="jbk.OjtSelenium"/>
  <system-out/>
</testsuite> <!-- jbk.OjtSelenium -->
