<?xml version="1.0" encoding="UTF-8"?>
<!-- Generated by org.testng.reporters.JUnitReportReporter -->
<testsuite skipped="0" hostname="User-PC" name="jbk.PlayGround" tests="3" failures="0" timestamp="2021-11-09T20:17:06 IST" time="4.449" errors="0">
  <testcase name="linkText" time="0.512" classname="jbk.PlayGround"/>
  <system-out/>
  <testcase name="DragDrop" time="1.962" classname="jbk.PlayGround"/>
  <system-out/>
  <testcase name="downloadfile" time="1.975" classname="jbk.PlayGround"/>
  <system-out/>
</testsuite> <!-- jbk.PlayGround -->
